<?xml version="1.0" encoding="UTF-8"?>
<!-- Generated by org.testng.reporters.JUnitReportReporter -->
<testsuite hostname="LAPTOP-D2DG97C8" failures="0" tests="1" name="TestCases.VerifySignUp" time="22.184" errors="0" timestamp="2022-11-03T22:48:40 IST" skipped="0">
  <testcase classname="TestCases.VerifySignUp" name="signup" time="22.184"/>
  <system-out/>
</testsuite> <!-- TestCases.VerifySignUp -->
