<?xml version="1.0" encoding="UTF-8"?>
<!-- Generated by org.testng.reporters.JUnitReportReporter -->
<testsuite hostname="LAPTOP-D2DG97C8" failures="0" tests="1" name="TestCases.VerifyLogin" time="3.651" errors="0" timestamp="2022-11-03T22:31:14 IST" skipped="0">
  <testcase classname="TestCases.VerifyLogin" name="login" time="3.651"/>
  <system-out/>
</testsuite> <!-- TestCases.VerifyLogin -->
